<?xml version="1.0" encoding="UTF-8"?>
<config>
 <file name="mxunitblog" path="file:///C:/JRun4/servers/dev/cfusion.ear/cfusion.war/cfwebdriver/test/fixture/MXUnitBlog.html" />
</config>
