<?xml version="1.0" encoding="UTF-8"?>
<config>
 <file name="mxunitblog" path="file:///home/billy/webapps/cfwebdriver/test/fixture/MXUnitBlog.html" />
</config>
